// memory data file (do not edit the following line - required for mem load use)
// instance=/RF_TB/result
// format=hex addressradix=h dataradix=h version=1.0 wordsperline=1 noaddress
00000000
0000000a
00000014
0000001e
00000028
00000032
0000003c
00000046
00000050
0000005a
00000064
0000006e
00000078
00000082
0000008c
00000096
000000a0
000000aa
000000b4
000000be
000000c8
000000d2
000000dc
000000e6
000000f0
000000fa
00000104
0000010e
00000118
00000122
0000012c
00000136
00000014
00000014
00000014
00000014
00000014
00000014
00000014
00000014
00000014
00000014
00000014
00000014
00000014
00000014
xxxxxxxx
xxxxxxxx
xxxxxxxx
xxxxxxxx
xxxxxxxx
xxxxxxxx
xxxxxxxx
xxxxxxxx
xxxxxxxx
xxxxxxxx
xxxxxxxx
xxxxxxxx
xxxxxxxx
xxxxxxxx
xxxxxxxx
xxxxxxxx
xxxxxxxx
xxxxxxxx
